<?xml version="1.0" encoding="UTF-8"?>
<!-- Generated by org.testng.reporters.JUnitXMLReporter -->
<testsuite ignored="0" hostname="DESKTOP-JJUUQ1A" failures="0" tests="4" name="Test" time="31.266" errors="0" timestamp="2023-07-05T16:00:54 IST">
  <testcase classname="testcases.LoginTestCase" name="verifyLogin" time="0.647"/>
  <testcase classname="testcases.LoginTestCase" name="verifyLogin" time="0.622"/>
  <testcase classname="testcases.LoginTestCase" name="verifyLogin" time="0.666"/>
  <testcase classname="testcases.SignupTestCases" name="verifySignup" time="13.404"/>
</testsuite> <!-- Test -->
