<?xml version="1.0" encoding="UTF-8"?>
<testng-results ignored="0" total="4" passed="4" failed="0" skipped="0">
  <reporter-output>
  </reporter-output>
  <suite started-at="2023-07-05T16:00:22 IST" name="Suite" finished-at="2023-07-05T16:00:54 IST" duration-ms="31266">
    <groups>
    </groups>
    <test started-at="2023-07-05T16:00:22 IST" name="Test" finished-at="2023-07-05T16:00:54 IST" duration-ms="31266">
      <class name="testcases.SignupTestCases">
        <test-method is-config="true" signature="launchBrowserandURL()[pri:0, instance:testcases.SignupTestCases@3c41ed1d]" started-at="2023-07-05T16:00:36 IST" name="launchBrowserandURL" finished-at="2023-07-05T16:00:40 IST" duration-ms="4124" status="PASS">
          <reporter-output>
          </reporter-output>
        </test-method> <!-- launchBrowserandURL -->
        <test-method signature="verifySignup()[pri:0, instance:testcases.SignupTestCases@3c41ed1d]" started-at="2023-07-05T16:00:40 IST" name="verifySignup" finished-at="2023-07-05T16:00:54 IST" duration-ms="13404" status="PASS">
          <reporter-output>
          </reporter-output>
        </test-method> <!-- verifySignup -->
      </class> <!-- testcases.SignupTestCases -->
      <class name="testcases.LoginTestCase">
        <test-method is-config="true" signature="launchBrowserandURL()[pri:0, instance:testcases.LoginTestCase@76505305]" started-at="2023-07-05T16:00:22 IST" name="launchBrowserandURL" finished-at="2023-07-05T16:00:27 IST" duration-ms="4308" status="PASS">
          <reporter-output>
          </reporter-output>
        </test-method> <!-- launchBrowserandURL -->
        <test-method signature="verifyLogin(java.lang.String,java.lang.String)[pri:0, instance:testcases.LoginTestCase@76505305]" started-at="2023-07-05T16:00:27 IST" name="verifyLogin" data-provider="testData" finished-at="2023-07-05T16:00:27 IST" duration-ms="647" status="PASS">
          <params>
            <param index="0">
              <value>
                <![CDATA[rahul]]>
              </value>
            </param>
            <param index="1">
              <value>
                <![CDATA[secure123]]>
              </value>
            </param>
          </params>
          <reporter-output>
          </reporter-output>
        </test-method> <!-- verifyLogin -->
        <test-method is-config="true" signature="launchBrowserandURL()[pri:0, instance:testcases.LoginTestCase@76505305]" started-at="2023-07-05T16:00:27 IST" name="launchBrowserandURL" finished-at="2023-07-05T16:00:31 IST" duration-ms="3737" status="PASS">
          <reporter-output>
          </reporter-output>
        </test-method> <!-- launchBrowserandURL -->
        <test-method signature="verifyLogin(java.lang.String,java.lang.String)[pri:0, instance:testcases.LoginTestCase@76505305]" started-at="2023-07-05T16:00:31 IST" name="verifyLogin" data-provider="testData" finished-at="2023-07-05T16:00:32 IST" duration-ms="622" status="PASS">
          <params>
            <param index="0">
              <value>
                <![CDATA[rahul]]>
              </value>
            </param>
            <param index="1">
              <value>
                <![CDATA[secure123]]>
              </value>
            </param>
          </params>
          <reporter-output>
          </reporter-output>
        </test-method> <!-- verifyLogin -->
        <test-method is-config="true" signature="launchBrowserandURL()[pri:0, instance:testcases.LoginTestCase@76505305]" started-at="2023-07-05T16:00:32 IST" name="launchBrowserandURL" finished-at="2023-07-05T16:00:35 IST" duration-ms="3695" status="PASS">
          <reporter-output>
          </reporter-output>
        </test-method> <!-- launchBrowserandURL -->
        <test-method signature="verifyLogin(java.lang.String,java.lang.String)[pri:0, instance:testcases.LoginTestCase@76505305]" started-at="2023-07-05T16:00:35 IST" name="verifyLogin" data-provider="testData" finished-at="2023-07-05T16:00:36 IST" duration-ms="666" status="PASS">
          <params>
            <param index="0">
              <value>
                <![CDATA[rahul]]>
              </value>
            </param>
            <param index="1">
              <value>
                <![CDATA[secure123]]>
              </value>
            </param>
          </params>
          <reporter-output>
          </reporter-output>
        </test-method> <!-- verifyLogin -->
      </class> <!-- testcases.LoginTestCase -->
    </test> <!-- Test -->
  </suite> <!-- Suite -->
</testng-results>
